<?xml version="1.0" encoding="UTF-8"?>
<!-- Generated by org.testng.reporters.JUnitReportReporter -->
<testsuite hostname="DESKTOP-3GSOFRD" failures="0" tests="1" name="AmazonTestCases.TestCases" time="12.774" errors="0" timestamp="2024-08-13T15:29:39 IST" skipped="0">
  <testcase classname="AmazonTestCases.TestCases" name="TC05" time="12.774"/>
</testsuite> <!-- AmazonTestCases.TestCases -->
