<?xml version="1.0" encoding="UTF-8"?>
<!-- Generated by org.testng.reporters.JUnitReportReporter -->
<testsuite hostname="DESKTOP-3GSOFRD" failures="0" tests="1" name="AmazonTestCases.TestCases" time="27.717" errors="0" timestamp="2024-08-12T21:26:02 IST" skipped="0">
  <testcase classname="AmazonTestCases.TestCases" name="TC04" time="27.717"/>
</testsuite> <!-- AmazonTestCases.TestCases -->
